<?xml version="1.0" encoding="UTF-8"?>
<!-- Generated by org.testng.reporters.JUnitXMLReporter -->
<testsuite ignored="0" hostname="Sasikumar" failures="0" tests="4" name="Test" time="0.095" errors="0" timestamp="2023-11-14T12:07:52 IST">
  <testcase classname="org.sasi.testcases.LoginTestCase" name="@BeforeMethod startProject" time="0.009">
    <failure type="java.lang.NullPointerException" message="Cannot invoke &amp;quot;String.equalsIgnoreCase(String)&amp;quot; because &amp;quot;browser&amp;quot; is null">
      <![CDATA[java.lang.NullPointerException: Cannot invoke "String.equalsIgnoreCase(String)" because "browser" is null
at org.sasi.testcases.base.Base.implementPoject(Base.java:38)
at org.sasi.testcases.LoginTestCase.startProject(LoginTestCase.java:30)
at java.base/java.util.ArrayList.forEach(ArrayList.java:1596)
... Removed 29 stack frames]]>
    </failure>
  </testcase> <!-- @BeforeMethod startProject -->
  <testcase classname="org.sasi.testcases.LoginTestCase" name="@BeforeMethod startProject" time="0.0">
    <skipped/>
  </testcase> <!-- @BeforeMethod startProject -->
  <testcase classname="org.sasi.testcases.LoginTestCase" name="@BeforeMethod startProject" time="0.0">
    <skipped/>
  </testcase> <!-- @BeforeMethod startProject -->
  <testcase classname="org.sasi.testcases.LoginTestCase" name="@BeforeMethod startProject" time="0.0">
    <skipped/>
  </testcase> <!-- @BeforeMethod startProject -->
  <testcase classname="org.sasi.testcases.LoginTestCase" name="History" time="0.0">
    <skipped/>
  </testcase> <!-- History -->
  <testcase classname="org.sasi.testcases.LoginTestCase" name="makeAppointment" time="0.0">
    <skipped/>
  </testcase> <!-- makeAppointment -->
  <testcase classname="org.sasi.testcases.LoginTestCase" name="performLogin" time="0.001">
    <skipped/>
  </testcase> <!-- performLogin -->
  <testcase classname="org.sasi.testcases.LoginTestCase" name="profilePage" time="0.001">
    <skipped/>
  </testcase> <!-- profilePage -->
</testsuite> <!-- Test -->
