<?xml version="1.0" encoding="UTF-8"?>
<!-- Generated by org.testng.reporters.JUnitXMLReporter -->
<testsuite ignored="0" hostname="Sasikumar" failures="0" tests="4" name="Default test" time="37.931" errors="0" timestamp="2023-11-14T12:17:50 IST">
  <testcase classname="org.sasi.testcases.LoginTestCase" name="History" time="5.451"/>
  <testcase classname="org.sasi.testcases.LoginTestCase" name="makeAppointment" time="3.786"/>
  <testcase classname="org.sasi.testcases.LoginTestCase" name="performLogin" time="1.633"/>
  <testcase classname="org.sasi.testcases.LoginTestCase" name="profilePage" time="5.208"/>
</testsuite> <!-- Default test -->
