<?xml version="1.0" encoding="UTF-8"?>
<!-- Generated by org.testng.reporters.JUnitXMLReporter -->
<testsuite ignored="0" hostname="Sasikumar" failures="0" tests="4" name="Default test" time="30.598" errors="0" timestamp="2023-11-14T12:50:24 IST">
  <testcase classname="org.sasi.testcases.LoginTestCase" name="History" time="2.875"/>
  <testcase classname="org.sasi.testcases.LoginTestCase" name="makeAppointment" time="2.804"/>
  <testcase classname="org.sasi.testcases.LoginTestCase" name="performLogin" time="1.322"/>
  <testcase classname="org.sasi.testcases.LoginTestCase" name="profilePage" time="4.29"/>
</testsuite> <!-- Default test -->
