<?xml version="1.0" encoding="UTF-8"?>
<testng-results ignored="0" total="4" passed="4" failed="0" skipped="0">
  <reporter-output>
  </reporter-output>
  <suite started-at="2023-11-14T12:17:12 IST" name="Default suite" finished-at="2023-11-14T12:17:50 IST" duration-ms="37931">
    <groups>
    </groups>
    <test started-at="2023-11-14T12:17:12 IST" name="Default test" finished-at="2023-11-14T12:17:50 IST" duration-ms="37931">
      <class name="org.sasi.testcases.LoginTestCase">
        <test-method is-config="true" signature="startProject()[pri:0, instance:org.sasi.testcases.LoginTestCase@2a3b5b47]" started-at="2023-11-14T12:17:12 IST" name="startProject" finished-at="2023-11-14T12:17:17 IST" duration-ms="5239" status="PASS">
          <reporter-output>
          </reporter-output>
        </test-method> <!-- startProject -->
        <test-method signature="History()[pri:0, instance:org.sasi.testcases.LoginTestCase@2a3b5b47]" started-at="2023-11-14T12:17:17 IST" name="History" finished-at="2023-11-14T12:17:23 IST" duration-ms="5451" status="PASS">
          <reporter-output>
          </reporter-output>
        </test-method> <!-- History -->
        <test-method is-config="true" signature="endProject()[pri:0, instance:org.sasi.testcases.LoginTestCase@2a3b5b47]" started-at="2023-11-14T12:17:23 IST" name="endProject" finished-at="2023-11-14T12:17:23 IST" duration-ms="294" status="PASS">
          <reporter-output>
          </reporter-output>
        </test-method> <!-- endProject -->
        <test-method is-config="true" signature="startProject()[pri:0, instance:org.sasi.testcases.LoginTestCase@2a3b5b47]" started-at="2023-11-14T12:17:23 IST" name="startProject" finished-at="2023-11-14T12:17:28 IST" duration-ms="5206" status="PASS">
          <reporter-output>
          </reporter-output>
        </test-method> <!-- startProject -->
        <test-method signature="makeAppointment()[pri:0, instance:org.sasi.testcases.LoginTestCase@2a3b5b47]" started-at="2023-11-14T12:17:28 IST" name="makeAppointment" finished-at="2023-11-14T12:17:32 IST" duration-ms="3786" status="PASS">
          <reporter-output>
          </reporter-output>
        </test-method> <!-- makeAppointment -->
        <test-method is-config="true" signature="endProject()[pri:0, instance:org.sasi.testcases.LoginTestCase@2a3b5b47]" started-at="2023-11-14T12:17:32 IST" name="endProject" finished-at="2023-11-14T12:17:32 IST" duration-ms="217" status="PASS">
          <reporter-output>
          </reporter-output>
        </test-method> <!-- endProject -->
        <test-method is-config="true" signature="startProject()[pri:0, instance:org.sasi.testcases.LoginTestCase@2a3b5b47]" started-at="2023-11-14T12:17:32 IST" name="startProject" finished-at="2023-11-14T12:17:38 IST" duration-ms="5104" status="PASS">
          <reporter-output>
          </reporter-output>
        </test-method> <!-- startProject -->
        <test-method signature="performLogin()[pri:0, instance:org.sasi.testcases.LoginTestCase@2a3b5b47]" started-at="2023-11-14T12:17:38 IST" name="performLogin" finished-at="2023-11-14T12:17:39 IST" duration-ms="1633" status="PASS">
          <reporter-output>
          </reporter-output>
        </test-method> <!-- performLogin -->
        <test-method is-config="true" signature="endProject()[pri:0, instance:org.sasi.testcases.LoginTestCase@2a3b5b47]" started-at="2023-11-14T12:17:39 IST" name="endProject" finished-at="2023-11-14T12:17:39 IST" duration-ms="308" status="PASS">
          <reporter-output>
          </reporter-output>
        </test-method> <!-- endProject -->
        <test-method is-config="true" signature="startProject()[pri:0, instance:org.sasi.testcases.LoginTestCase@2a3b5b47]" started-at="2023-11-14T12:17:39 IST" name="startProject" finished-at="2023-11-14T12:17:45 IST" duration-ms="5241" status="PASS">
          <reporter-output>
          </reporter-output>
        </test-method> <!-- startProject -->
        <test-method signature="profilePage()[pri:0, instance:org.sasi.testcases.LoginTestCase@2a3b5b47]" started-at="2023-11-14T12:17:45 IST" name="profilePage" finished-at="2023-11-14T12:17:50 IST" duration-ms="5208" status="PASS">
          <reporter-output>
          </reporter-output>
        </test-method> <!-- profilePage -->
        <test-method is-config="true" signature="endProject()[pri:0, instance:org.sasi.testcases.LoginTestCase@2a3b5b47]" started-at="2023-11-14T12:17:50 IST" name="endProject" finished-at="2023-11-14T12:17:50 IST" duration-ms="170" status="PASS">
          <reporter-output>
          </reporter-output>
        </test-method> <!-- endProject -->
      </class> <!-- org.sasi.testcases.LoginTestCase -->
    </test> <!-- Default test -->
  </suite> <!-- Default suite -->
</testng-results>
